C:\USERS\JACK\DESKTOP\SNAKE\SNAKE\DEBUG\SNAKE.PCH
C:\USERS\JACK\DESKTOP\SNAKE\SNAKE\DEBUG\STDAFX.OBJ
C:\USERS\JACK\DESKTOP\SNAKE\SNAKE\DEBUG\VC110.PDB
C:\USERS\JACK\DESKTOP\SNAKE\SNAKE\DEBUG\SNAKE_MAIN.OBJ
C:\USERS\JACK\DESKTOP\SNAKE\SNAKE\DEBUG\BEAN.OBJ
C:\USERS\JACK\DESKTOP\SNAKE\SNAKE\DEBUG\SNAKE.OBJ
C:\USERS\JACK\DESKTOP\SNAKE\DEBUG\SNAKE.ILK
C:\USERS\JACK\DESKTOP\SNAKE\DEBUG\SNAKE.EXE
C:\USERS\JACK\DESKTOP\SNAKE\DEBUG\SNAKE.PDB
C:\USERS\JACK\DESKTOP\SNAKE\SNAKE\DEBUG\SNAKE.RES
C:\Users\Jack\Desktop\snake\snake\Debug\bean.obj
C:\Users\Jack\Desktop\snake\snake\Debug\snake.obj
C:\Users\Jack\Desktop\snake\snake\Debug\snake_main.obj
C:\Users\Jack\Desktop\snake\snake\Debug\stdafx.obj
C:\Users\Jack\Desktop\snake\snake\Debug\cl.command.1.tlog
C:\Users\Jack\Desktop\snake\snake\Debug\CL.read.1.tlog
C:\Users\Jack\Desktop\snake\snake\Debug\CL.write.1.tlog
C:\Users\Jack\Desktop\snake\snake\Debug\link-cvtres.read.1.tlog
C:\Users\Jack\Desktop\snake\snake\Debug\link-cvtres.write.1.tlog
C:\Users\Jack\Desktop\snake\snake\Debug\link-rc.read.1.tlog
C:\Users\Jack\Desktop\snake\snake\Debug\link-rc.write.1.tlog
C:\Users\Jack\Desktop\snake\snake\Debug\link.1288-cvtres.read.1.tlog
C:\Users\Jack\Desktop\snake\snake\Debug\link.1288-cvtres.write.1.tlog
C:\Users\Jack\Desktop\snake\snake\Debug\link.1288-rc.read.1.tlog
C:\Users\Jack\Desktop\snake\snake\Debug\link.1288-rc.write.1.tlog
C:\Users\Jack\Desktop\snake\snake\Debug\link.1288.read.1.tlog
C:\Users\Jack\Desktop\snake\snake\Debug\link.1288.write.1.tlog
C:\Users\Jack\Desktop\snake\snake\Debug\link.14460-cvtres.read.1.tlog
C:\Users\Jack\Desktop\snake\snake\Debug\link.14460-cvtres.write.1.tlog
C:\Users\Jack\Desktop\snake\snake\Debug\link.14460-rc.read.1.tlog
C:\Users\Jack\Desktop\snake\snake\Debug\link.14460-rc.write.1.tlog
C:\Users\Jack\Desktop\snake\snake\Debug\link.14460.read.1.tlog
C:\Users\Jack\Desktop\snake\snake\Debug\link.14460.write.1.tlog
C:\Users\Jack\Desktop\snake\snake\Debug\link.16116-cvtres.read.1.tlog
C:\Users\Jack\Desktop\snake\snake\Debug\link.16116-cvtres.write.1.tlog
C:\Users\Jack\Desktop\snake\snake\Debug\link.16116-rc.read.1.tlog
C:\Users\Jack\Desktop\snake\snake\Debug\link.16116-rc.write.1.tlog
C:\Users\Jack\Desktop\snake\snake\Debug\link.16116.read.1.tlog
C:\Users\Jack\Desktop\snake\snake\Debug\link.16116.write.1.tlog
C:\Users\Jack\Desktop\snake\snake\Debug\link.16252-cvtres.read.1.tlog
C:\Users\Jack\Desktop\snake\snake\Debug\link.16252-cvtres.write.1.tlog
C:\Users\Jack\Desktop\snake\snake\Debug\link.16252-rc.read.1.tlog
C:\Users\Jack\Desktop\snake\snake\Debug\link.16252-rc.write.1.tlog
C:\Users\Jack\Desktop\snake\snake\Debug\link.16252.read.1.tlog
C:\Users\Jack\Desktop\snake\snake\Debug\link.16252.write.1.tlog
C:\Users\Jack\Desktop\snake\snake\Debug\link.command.1.tlog
C:\Users\Jack\Desktop\snake\snake\Debug\link.read.1.tlog
C:\Users\Jack\Desktop\snake\snake\Debug\link.write.1.tlog
C:\Users\Jack\Desktop\snake\snake\Debug\rc.command.1.tlog
C:\Users\Jack\Desktop\snake\snake\Debug\rc.read.1.tlog
C:\Users\Jack\Desktop\snake\snake\Debug\rc.write.1.tlog
C:\Users\Jack\Desktop\snake\snake\Debug\snake.res
C:\Users\Jack\Desktop\snake\snake\Debug\snake.pch
C:\Users\Jack\Desktop\snake\snake\Debug\vc110.idb
C:\Users\Jack\Desktop\snake\snake\Debug\vc110.pdb
C:\Users\Jack\Desktop\snake\Debug\snake.pdb
C:\Users\Jack\Desktop\snake\Debug\snake.exe
C:\Users\Jack\Desktop\snake\Debug\snake.ilk
